Build started 04.09.2014 20:16:55.
     1>Project "C:\BitBucet\Spillprog\projecttower\projecttower.vcxproj" on node 2 (Build target(s)).
     1>ClCompile:
         C:\Program Files (x86)\Microsoft Visual Studio 12.0\VC\bin\CL.exe /c /Zi /nologo /W3 /WX- /sdl /O2 /Oi /Oy- /GL /D _MBCS /Gm- /EHsc /MD /GS /Gy /fp:precise /Zc:wchar_t /Zc:forScope /Fo"Release\\" /Fd"Release\vc120.pdb" /Gd /TP /analyze- /errorReport:prompt ButtonObject.cpp SpriteObject.cpp TexturedObject.cpp GameObject.cpp Pos.cpp Source.cpp TowerObject.cpp Vortex.cpp VortexAnimation.cpp VortexButton.cpp VortexLoader.cpp VortexParticleSystem.cpp
         ButtonObject.cpp
     1>c:\bitbucet\spillprog\projecttower\GameObject.h(3): fatal error C1083: Cannot open include file: 'SFML\Graphics.hpp': No such file or directory
         SpriteObject.cpp
     1>c:\bitbucet\spillprog\projecttower\GameObject.h(3): fatal error C1083: Cannot open include file: 'SFML\Graphics.hpp': No such file or directory
         TexturedObject.cpp
     1>c:\bitbucet\spillprog\projecttower\GameObject.h(3): fatal error C1083: Cannot open include file: 'SFML\Graphics.hpp': No such file or directory
         GameObject.cpp
     1>c:\bitbucet\spillprog\projecttower\GameObject.h(3): fatal error C1083: Cannot open include file: 'SFML\Graphics.hpp': No such file or directory
         Pos.cpp
         Source.cpp
     1>Source.cpp(3): fatal error C1083: Cannot open include file: 'SFML\Window.hpp': No such file or directory
         TowerObject.cpp
     1>c:\bitbucet\spillprog\projecttower\GameObject.h(3): fatal error C1083: Cannot open include file: 'SFML\Graphics.hpp': No such file or directory
         Vortex.cpp
     1>c:\bitbucet\spillprog\projecttower\Vortex.h(3): fatal error C1083: Cannot open include file: 'SFML\Window.hpp': No such file or directory
         VortexAnimation.cpp
     1>c:\bitbucet\spillprog\projecttower\VortexAnimation.h(3): fatal error C1083: Cannot open include file: 'SFML\Window.hpp': No such file or directory
         VortexButton.cpp
         VortexLoader.cpp
     1>c:\bitbucet\spillprog\projecttower\VortexLoader.h(3): fatal error C1083: Cannot open include file: 'SFML\Window.hpp': No such file or directory
         VortexParticleSystem.cpp
     1>c:\bitbucet\spillprog\projecttower\VortexParticleSystem.h(3): fatal error C1083: Cannot open include file: 'SFML\Window.hpp': No such file or directory
     1>Done Building Project "C:\BitBucet\Spillprog\projecttower\projecttower.vcxproj" (Build target(s)) -- FAILED.

Build FAILED.

Time Elapsed 00:00:00.27
