Build started 05.09.2014 11:18:19.
     1>Project "C:\Users\jangr_000\Documents\projecttower\projecttower\projecttower.vcxproj" on node 2 (Build target(s)).
     1>ClCompile:
         C:\Program Files (x86)\Microsoft Visual Studio 12.0\VC\bin\CL.exe /c /IC:\Users\jangr_000\Documents\projecttower\\include /ZI /nologo /W3 /WX- /sdl /Od /Oy- /D _MBCS /Gm /EHsc /RTC1 /MDd /GS /fp:precise /Zc:wchar_t /Zc:forScope /Fo"Debug\\" /Fd"Debug\vc120.pdb" /Gd /TP /analyze- /errorReport:prompt Source.cpp Vortex.cpp VortexAnimation.cpp
         VortexAnimation.cpp
     1>c:\users\jangr_000\documents\projecttower\projecttower\vortexanimation.cpp(28): warning C4244: 'argument' : conversion from 'int' to 'float', possible loss of data
     1>c:\users\jangr_000\documents\projecttower\projecttower\vortexanimation.cpp(47): warning C4018: '>=' : signed/unsigned mismatch
         Vortex.cpp
     1>c:\users\jangr_000\documents\projecttower\projecttower\vortex.cpp(225): warning C4244: 'argument' : conversion from 'double' to 'float', possible loss of data
         Source.cpp
     1>c:\users\jangr_000\documents\projecttower\projecttower\source.cpp(144): warning C4018: '>' : signed/unsigned mismatch
     1>c:\users\jangr_000\documents\projecttower\projecttower\source.cpp(169): warning C4244: 'argument' : conversion from 'double' to 'float', possible loss of data
     1>c:\users\jangr_000\documents\projecttower\projecttower\source.cpp(169): warning C4244: 'argument' : conversion from 'int' to 'float', possible loss of data
     1>c:\users\jangr_000\documents\projecttower\projecttower\source.cpp(207): warning C4018: '<' : signed/unsigned mismatch
         Generating Code...
       Link:
         C:\Program Files (x86)\Microsoft Visual Studio 12.0\VC\bin\link.exe /ERRORREPORT:PROMPT /OUT:"C:\Users\jangr_000\Documents\projecttower\Debug\projecttower.exe" /INCREMENTAL /NOLOGO /LIBPATH:C:\Users\jangr_000\Documents\projecttower\\lib "sfml-audio-d.lib" "sfml-graphics-d.lib" "sfml-main-d.lib" "sfml-network-d.lib" "sfml-system-d.lib" "sfml-window-d.lib" kernel32.lib user32.lib gdi32.lib winspool.lib comdlg32.lib advapi32.lib shell32.lib ole32.lib oleaut32.lib uuid.lib odbc32.lib odbccp32.lib /MANIFEST /MANIFESTUAC:"level='asInvoker' uiAccess='false'" /manifest:embed /DEBUG /PDB:"C:\Users\jangr_000\Documents\projecttower\Debug\projecttower.pdb" /TLBID:1 /DYNAMICBASE /NXCOMPAT /IMPLIB:"C:\Users\jangr_000\Documents\projecttower\Debug\projecttower.lib" /MACHINE:X86 Debug\ButtonObject.obj
         Debug\SpriteObject.obj
         Debug\TexturedObject.obj
         Debug\GameObject.obj
         Debug\Pos.obj
         Debug\Source.obj
         Debug\TowerObject.obj
         Debug\Vortex.obj
         Debug\VortexAnimation.obj
         Debug\VortexButton.obj
         Debug\VortexLoader.obj
         Debug\VortexParticleSystem.obj
         projecttower.vcxproj -> C:\Users\jangr_000\Documents\projecttower\Debug\projecttower.exe
     1>Done Building Project "C:\Users\jangr_000\Documents\projecttower\projecttower\projecttower.vcxproj" (Build target(s)).

Build succeeded.

Time Elapsed 00:00:01.83
